<?xml version="1.0" encoding="UTF-8"?>
<testsuite xmlns:xsi="http://www.w3.org/2001/XMLSchema-instance" xsi:noNamespaceSchemaLocation="https://maven.apache.org/surefire/maven-surefire-plugin/xsd/surefire-test-report.xsd" name="com.cloudera.AssumptionTests" time="0.691" tests="1" errors="0" skipped="0" failures="1">
  <properties>
    <property name="java.specification.version" value="17"/>
    <property name="sun.jnu.encoding" value="UTF-8"/>
    <property name="java.class.path" value="/home/doubi/projects/hive-metastore-iceberg-rest-listener/target/test-classes:/home/doubi/projects/hive-metastore-iceberg-rest-listener/target/classes:/home/doubi/.m2/repository/com/fasterxml/jackson/core/jackson-databind/2.16.0/jackson-databind-2.16.0.jar:/home/doubi/.m2/repository/com/fasterxml/jackson/core/jackson-annotations/2.16.0/jackson-annotations-2.16.0.jar:/home/doubi/.m2/repository/com/fasterxml/jackson/core/jackson-core/2.16.0/jackson-core-2.16.0.jar:/home/doubi/.m2/repository/junit/junit/4.11/junit-4.11.jar:/home/doubi/.m2/repository/org/hamcrest/hamcrest-core/1.3/hamcrest-core-1.3.jar:/home/doubi/.m2/repository/org/apache/hive/hive-metastore/3.1.3/hive-metastore-3.1.3.jar:/home/doubi/.m2/repository/org/apache/hive/hive-serde/3.1.3/hive-serde-3.1.3.jar:/home/doubi/.m2/repository/org/apache/hive/hive-common/3.1.3/hive-common-3.1.3.jar:/home/doubi/.m2/repository/org/apache/hive/hive-classification/3.1.3/hive-classification-3.1.3.jar:/home/doubi/.m2/repository/jline/jline/2.12/jline-2.12.jar:/home/doubi/.m2/repository/javax/servlet/javax.servlet-api/3.1.0/javax.servlet-api-3.1.0.jar:/home/doubi/.m2/repository/org/eclipse/jetty/jetty-http/9.3.20.v20170531/jetty-http-9.3.20.v20170531.jar:/home/doubi/.m2/repository/org/eclipse/jetty/jetty-util/9.3.20.v20170531/jetty-util-9.3.20.v20170531.jar:/home/doubi/.m2/repository/org/eclipse/jetty/jetty-rewrite/9.3.20.v20170531/jetty-rewrite-9.3.20.v20170531.jar:/home/doubi/.m2/repository/org/eclipse/jetty/jetty-client/9.3.20.v20170531/jetty-client-9.3.20.v20170531.jar:/home/doubi/.m2/repository/org/eclipse/jetty/jetty-server/9.3.20.v20170531/jetty-server-9.3.20.v20170531.jar:/home/doubi/.m2/repository/org/eclipse/jetty/jetty-io/9.3.20.v20170531/jetty-io-9.3.20.v20170531.jar:/home/doubi/.m2/repository/org/eclipse/jetty/jetty-servlet/9.3.20.v20170531/jetty-servlet-9.3.20.v20170531.jar:/home/doubi/.m2/repository/org/eclipse/jetty/jetty-security/9.3.20.v20170531/jetty-security-9.3.20.v20170531.jar:/home/doubi/.m2/repository/org/eclipse/jetty/jetty-webapp/9.3.20.v20170531/jetty-webapp-9.3.20.v20170531.jar:/home/doubi/.m2/repository/org/eclipse/jetty/jetty-xml/9.3.20.v20170531/jetty-xml-9.3.20.v20170531.jar:/home/doubi/.m2/repository/joda-time/joda-time/2.9.9/joda-time-2.9.9.jar:/home/doubi/.m2/repository/org/apache/logging/log4j/log4j-web/2.17.1/log4j-web-2.17.1.jar:/home/doubi/.m2/repository/org/apache/commons/commons-compress/1.19/commons-compress-1.19.jar:/home/doubi/.m2/repository/org/apache/ant/ant/1.9.1/ant-1.9.1.jar:/home/doubi/.m2/repository/org/apache/ant/ant-launcher/1.9.1/ant-launcher-1.9.1.jar:/home/doubi/.m2/repository/net/sf/jpam/jpam/1.1/jpam-1.1.jar:/home/doubi/.m2/repository/com/tdunning/json/1.8/json-1.8.jar:/home/doubi/.m2/repository/org/apache/hive/hive-service-rpc/3.1.3/hive-service-rpc-3.1.3.jar:/home/doubi/.m2/repository/com/google/code/findbugs/jsr305/3.0.0/jsr305-3.0.0.jar:/home/doubi/.m2/repository/commons-codec/commons-codec/1.15/commons-codec-1.15.jar:/home/doubi/.m2/repository/org/apache/arrow/arrow-vector/0.8.0/arrow-vector-0.8.0.jar:/home/doubi/.m2/repository/org/apache/arrow/arrow-format/0.8.0/arrow-format-0.8.0.jar:/home/doubi/.m2/repository/org/apache/arrow/arrow-memory/0.8.0/arrow-memory-0.8.0.jar:/home/doubi/.m2/repository/io/netty/netty-buffer/4.1.17.Final/netty-buffer-4.1.17.Final.jar:/home/doubi/.m2/repository/io/netty/netty-common/4.1.17.Final/netty-common-4.1.17.Final.jar:/home/doubi/.m2/repository/com/carrotsearch/hppc/0.7.2/hppc-0.7.2.jar:/home/doubi/.m2/repository/com/vlkan/flatbuffers/1.2.0-3f79e055/flatbuffers-1.2.0-3f79e055.jar:/home/doubi/.m2/repository/org/apache/avro/avro/1.8.2/avro-1.8.2.jar:/home/doubi/.m2/repository/org/codehaus/jackson/jackson-core-asl/1.9.13/jackson-core-asl-1.9.13.jar:/home/doubi/.m2/repository/org/codehaus/jackson/jackson-mapper-asl/1.9.13/jackson-mapper-asl-1.9.13.jar:/home/doubi/.m2/repository/com/thoughtworks/paranamer/paranamer/2.7/paranamer-2.7.jar:/home/doubi/.m2/repository/org/xerial/snappy/snappy-java/1.1.1.3/snappy-java-1.1.1.3.jar:/home/doubi/.m2/repository/org/tukaani/xz/1.5/xz-1.5.jar:/home/doubi/.m2/repository/net/sf/opencsv/opencsv/2.3/opencsv-2.3.jar:/home/doubi/.m2/repository/org/apache/parquet/parquet-hadoop-bundle/1.10.0/parquet-hadoop-bundle-1.10.0.jar:/home/doubi/.m2/repository/org/apache/hive/hive-shims/3.1.3/hive-shims-3.1.3.jar:/home/doubi/.m2/repository/org/apache/hive/shims/hive-shims-common/3.1.3/hive-shims-common-3.1.3.jar:/home/doubi/.m2/repository/org/apache/hive/shims/hive-shims-0.23/3.1.3/hive-shims-0.23-3.1.3.jar:/home/doubi/.m2/repository/org/apache/hadoop/hadoop-yarn-server-resourcemanager/3.1.0/hadoop-yarn-server-resourcemanager-3.1.0.jar:/home/doubi/.m2/repository/com/google/inject/extensions/guice-servlet/4.0/guice-servlet-4.0.jar:/home/doubi/.m2/repository/com/sun/jersey/jersey-json/1.19/jersey-json-1.19.jar:/home/doubi/.m2/repository/com/sun/xml/bind/jaxb-impl/2.2.3-1/jaxb-impl-2.2.3-1.jar:/home/doubi/.m2/repository/org/codehaus/jackson/jackson-jaxrs/1.9.2/jackson-jaxrs-1.9.2.jar:/home/doubi/.m2/repository/org/codehaus/jackson/jackson-xc/1.9.2/jackson-xc-1.9.2.jar:/home/doubi/.m2/repository/com/sun/jersey/contribs/jersey-guice/1.19/jersey-guice-1.19.jar:/home/doubi/.m2/repository/com/sun/jersey/jersey-servlet/1.19/jersey-servlet-1.19.jar:/home/doubi/.m2/repository/org/apache/hadoop/hadoop-yarn-common/3.1.0/hadoop-yarn-common-3.1.0.jar:/home/doubi/.m2/repository/com/fasterxml/jackson/module/jackson-module-jaxb-annotations/2.7.8/jackson-module-jaxb-annotations-2.7.8.jar:/home/doubi/.m2/repository/com/fasterxml/jackson/jaxrs/jackson-jaxrs-json-provider/2.7.8/jackson-jaxrs-json-provider-2.7.8.jar:/home/doubi/.m2/repository/com/fasterxml/jackson/jaxrs/jackson-jaxrs-base/2.7.8/jackson-jaxrs-base-2.7.8.jar:/home/doubi/.m2/repository/org/apache/hadoop/hadoop-yarn-api/3.1.0/hadoop-yarn-api-3.1.0.jar:/home/doubi/.m2/repository/javax/xml/bind/jaxb-api/2.2.11/jaxb-api-2.2.11.jar:/home/doubi/.m2/repository/org/codehaus/jettison/jettison/1.1/jettison-1.1.jar:/home/doubi/.m2/repository/com/sun/jersey/jersey-core/1.19/jersey-core-1.19.jar:/home/doubi/.m2/repository/javax/ws/rs/jsr311-api/1.1.1/jsr311-api-1.1.1.jar:/home/doubi/.m2/repository/com/sun/jersey/jersey-client/1.19/jersey-client-1.19.jar:/home/doubi/.m2/repository/org/eclipse/jetty/jetty-util-ajax/9.3.19.v20170502/jetty-util-ajax-9.3.19.v20170502.jar:/home/doubi/.m2/repository/org/apache/hadoop/hadoop-yarn-server-common/3.1.0/hadoop-yarn-server-common-3.1.0.jar:/home/doubi/.m2/repository/org/apache/hadoop/hadoop-yarn-registry/3.1.0/hadoop-yarn-registry-3.1.0.jar:/home/doubi/.m2/repository/commons-daemon/commons-daemon/1.0.13/commons-daemon-1.0.13.jar:/home/doubi/.m2/repository/dnsjava/dnsjava/2.1.7/dnsjava-2.1.7.jar:/home/doubi/.m2/repository/org/apache/geronimo/specs/geronimo-jcache_1.0_spec/1.0-alpha-1/geronimo-jcache_1.0_spec-1.0-alpha-1.jar:/home/doubi/.m2/repository/org/ehcache/ehcache/3.3.1/ehcache-3.3.1.jar:/home/doubi/.m2/repository/com/zaxxer/HikariCP-java7/2.4.12/HikariCP-java7-2.4.12.jar:/home/doubi/.m2/repository/com/microsoft/sqlserver/mssql-jdbc/6.2.1.jre7/mssql-jdbc-6.2.1.jre7.jar:/home/doubi/.m2/repository/org/apache/hadoop/hadoop-yarn-server-applicationhistoryservice/3.1.0/hadoop-yarn-server-applicationhistoryservice-3.1.0.jar:/home/doubi/.m2/repository/de/ruedigermoeller/fst/2.50/fst-2.50.jar:/home/doubi/.m2/repository/com/cedarsoftware/java-util/1.9.0/java-util-1.9.0.jar:/home/doubi/.m2/repository/com/cedarsoftware/json-io/2.5.1/json-io-2.5.1.jar:/home/doubi/.m2/repository/org/apache/hadoop/hadoop-yarn-server-web-proxy/3.1.0/hadoop-yarn-server-web-proxy-3.1.0.jar:/home/doubi/.m2/repository/org/fusesource/leveldbjni/leveldbjni-all/1.8/leveldbjni-all-1.8.jar:/home/doubi/.m2/repository/org/apache/hive/shims/hive-shims-scheduler/3.1.3/hive-shims-scheduler-3.1.3.jar:/home/doubi/.m2/repository/org/apache/hive/hive-standalone-metastore/3.1.3/hive-standalone-metastore-3.1.3.jar:/home/doubi/.m2/repository/org/apache/orc/orc-core/1.5.1/orc-core-1.5.1.jar:/home/doubi/.m2/repository/org/apache/orc/orc-shims/1.5.1/orc-shims-1.5.1.jar:/home/doubi/.m2/repository/io/airlift/aircompressor/0.10/aircompressor-0.10.jar:/home/doubi/.m2/repository/org/apache/hadoop/hadoop-hdfs/2.2.0/hadoop-hdfs-2.2.0.jar:/home/doubi/.m2/repository/com/sun/jersey/jersey-server/1.9/jersey-server-1.9.jar:/home/doubi/.m2/repository/asm/asm/3.1/asm-3.1.jar:/home/doubi/.m2/repository/com/github/joshelser/dropwizard-metrics-hadoop-metrics2-reporter/0.1.2/dropwizard-metrics-hadoop-metrics2-reporter-0.1.2.jar:/home/doubi/.m2/repository/com/google/protobuf/protobuf-java/2.5.0/protobuf-java-2.5.0.jar:/home/doubi/.m2/repository/io/dropwizard/metrics/metrics-core/3.1.0/metrics-core-3.1.0.jar:/home/doubi/.m2/repository/io/dropwizard/metrics/metrics-jvm/3.1.0/metrics-jvm-3.1.0.jar:/home/doubi/.m2/repository/io/dropwizard/metrics/metrics-json/3.1.0/metrics-json-3.1.0.jar:/home/doubi/.m2/repository/org/apache/commons/commons-lang3/3.2/commons-lang3-3.2.jar:/home/doubi/.m2/repository/org/apache/hive/hive-storage-api/2.7.0/hive-storage-api-2.7.0.jar:/home/doubi/.m2/repository/org/apache/logging/log4j/log4j-slf4j-impl/2.17.1/log4j-slf4j-impl-2.17.1.jar:/home/doubi/.m2/repository/org/apache/logging/log4j/log4j-api/2.17.1/log4j-api-2.17.1.jar:/home/doubi/.m2/repository/org/apache/logging/log4j/log4j-1.2-api/2.17.1/log4j-1.2-api-2.17.1.jar:/home/doubi/.m2/repository/org/apache/logging/log4j/log4j-core/2.17.1/log4j-core-2.17.1.jar:/home/doubi/.m2/repository/org/datanucleus/datanucleus-api-jdo/4.2.4/datanucleus-api-jdo-4.2.4.jar:/home/doubi/.m2/repository/org/datanucleus/datanucleus-core/4.1.17/datanucleus-core-4.1.17.jar:/home/doubi/.m2/repository/org/datanucleus/datanucleus-rdbms/4.1.19/datanucleus-rdbms-4.1.19.jar:/home/doubi/.m2/repository/org/datanucleus/javax.jdo/3.2.0-m3/javax.jdo-3.2.0-m3.jar:/home/doubi/.m2/repository/javax/transaction/transaction-api/1.1/transaction-api-1.1.jar:/home/doubi/.m2/repository/sqlline/sqlline/1.3.0/sqlline-1.3.0.jar:/home/doubi/.m2/repository/javolution/javolution/5.5.1/javolution-5.5.1.jar:/home/doubi/.m2/repository/com/google/guava/guava/19.0/guava-19.0.jar:/home/doubi/.m2/repository/org/apache/hbase/hbase-client/2.0.0-alpha4/hbase-client-2.0.0-alpha4.jar:/home/doubi/.m2/repository/org/apache/hbase/thirdparty/hbase-shaded-protobuf/1.0.1/hbase-shaded-protobuf-1.0.1.jar:/home/doubi/.m2/repository/org/apache/hbase/hbase-common/2.0.0-alpha4/hbase-common-2.0.0-alpha4.jar:/home/doubi/.m2/repository/org/apache/commons/commons-collections4/4.1/commons-collections4-4.1.jar:/home/doubi/.m2/repository/com/github/stephenc/findbugs/findbugs-annotations/1.3.9-1/findbugs-annotations-1.3.9-1.jar:/home/doubi/.m2/repository/log4j/log4j/1.2.17/log4j-1.2.17.jar:/home/doubi/.m2/repository/org/apache/hbase/hbase-hadoop-compat/2.0.0-alpha4/hbase-hadoop-compat-2.0.0-alpha4.jar:/home/doubi/.m2/repository/org/apache/hbase/hbase-metrics-api/2.0.0-alpha4/hbase-metrics-api-2.0.0-alpha4.jar:/home/doubi/.m2/repository/org/apache/hbase/hbase-hadoop2-compat/2.0.0-alpha4/hbase-hadoop2-compat-2.0.0-alpha4.jar:/home/doubi/.m2/repository/org/apache/hbase/hbase-metrics/2.0.0-alpha4/hbase-metrics-2.0.0-alpha4.jar:/home/doubi/.m2/repository/org/apache/hbase/hbase-protocol-shaded/2.0.0-alpha4/hbase-protocol-shaded-2.0.0-alpha4.jar:/home/doubi/.m2/repository/org/apache/hbase/hbase-protocol/2.0.0-alpha4/hbase-protocol-2.0.0-alpha4.jar:/home/doubi/.m2/repository/commons-io/commons-io/2.5/commons-io-2.5.jar:/home/doubi/.m2/repository/commons-logging/commons-logging/1.2/commons-logging-1.2.jar:/home/doubi/.m2/repository/org/apache/hbase/thirdparty/hbase-shaded-miscellaneous/1.0.1/hbase-shaded-miscellaneous-1.0.1.jar:/home/doubi/.m2/repository/org/apache/hbase/thirdparty/hbase-shaded-netty/1.0.1/hbase-shaded-netty-1.0.1.jar:/home/doubi/.m2/repository/org/apache/zookeeper/zookeeper/3.4.10/zookeeper-3.4.10.jar:/home/doubi/.m2/repository/org/apache/htrace/htrace-core/3.2.0-incubating/htrace-core-3.2.0-incubating.jar:/home/doubi/.m2/repository/org/jruby/jcodings/jcodings/1.0.18/jcodings-1.0.18.jar:/home/doubi/.m2/repository/org/jruby/joni/joni/2.1.11/joni-2.1.11.jar:/home/doubi/.m2/repository/org/apache/curator/curator-framework/4.0.0/curator-framework-4.0.0.jar:/home/doubi/.m2/repository/org/apache/curator/curator-client/4.0.0/curator-client-4.0.0.jar:/home/doubi/.m2/repository/org/apache/commons/commons-crypto/1.0.0/commons-crypto-1.0.0.jar:/home/doubi/.m2/repository/org/apache/hadoop/hadoop-auth/2.7.1/hadoop-auth-2.7.1.jar:/home/doubi/.m2/repository/org/apache/directory/server/apacheds-kerberos-codec/2.0.0-M15/apacheds-kerberos-codec-2.0.0-M15.jar:/home/doubi/.m2/repository/org/apache/directory/server/apacheds-i18n/2.0.0-M15/apacheds-i18n-2.0.0-M15.jar:/home/doubi/.m2/repository/org/apache/directory/api/api-asn1-api/1.0.0-M20/api-asn1-api-1.0.0-M20.jar:/home/doubi/.m2/repository/org/apache/directory/api/api-util/1.0.0-M20/api-util-1.0.0-M20.jar:/home/doubi/.m2/repository/org/apache/hadoop/hadoop-common/2.7.1/hadoop-common-2.7.1.jar:/home/doubi/.m2/repository/org/apache/hadoop/hadoop-annotations/2.7.1/hadoop-annotations-2.7.1.jar:/home/doubi/.m2/repository/org/apache/commons/commons-math3/3.1.1/commons-math3-3.1.1.jar:/home/doubi/.m2/repository/xmlenc/xmlenc/0.52/xmlenc-0.52.jar:/home/doubi/.m2/repository/commons-httpclient/commons-httpclient/3.1/commons-httpclient-3.1.jar:/home/doubi/.m2/repository/commons-net/commons-net/3.1/commons-net-3.1.jar:/home/doubi/.m2/repository/commons-collections/commons-collections/3.2.1/commons-collections-3.2.1.jar:/home/doubi/.m2/repository/commons-configuration/commons-configuration/1.6/commons-configuration-1.6.jar:/home/doubi/.m2/repository/commons-digester/commons-digester/1.8/commons-digester-1.8.jar:/home/doubi/.m2/repository/commons-beanutils/commons-beanutils/1.7.0/commons-beanutils-1.7.0.jar:/home/doubi/.m2/repository/commons-beanutils/commons-beanutils-core/1.8.0/commons-beanutils-core-1.8.0.jar:/home/doubi/.m2/repository/com/jcraft/jsch/0.1.42/jsch-0.1.42.jar:/home/doubi/.m2/repository/org/apache/curator/curator-recipes/2.7.1/curator-recipes-2.7.1.jar:/home/doubi/.m2/repository/org/apache/yetus/audience-annotations/0.5.0/audience-annotations-0.5.0.jar:/home/doubi/.m2/repository/com/jolbox/bonecp/0.8.0.RELEASE/bonecp-0.8.0.RELEASE.jar:/home/doubi/.m2/repository/com/zaxxer/HikariCP/2.6.1/HikariCP-2.6.1.jar:/home/doubi/.m2/repository/commons-cli/commons-cli/1.2/commons-cli-1.2.jar:/home/doubi/.m2/repository/commons-lang/commons-lang/2.6/commons-lang-2.6.jar:/home/doubi/.m2/repository/org/apache/derby/derby/10.14.1.0/derby-10.14.1.0.jar:/home/doubi/.m2/repository/commons-pool/commons-pool/1.5.4/commons-pool-1.5.4.jar:/home/doubi/.m2/repository/commons-dbcp/commons-dbcp/1.4/commons-dbcp-1.4.jar:/home/doubi/.m2/repository/javax/jdo/jdo-api/3.0.1/jdo-api-3.0.1.jar:/home/doubi/.m2/repository/javax/transaction/jta/1.1/jta-1.1.jar:/home/doubi/.m2/repository/org/antlr/antlr-runtime/3.5.2/antlr-runtime-3.5.2.jar:/home/doubi/.m2/repository/org/apache/thrift/libfb303/0.9.3/libfb303-0.9.3.jar:/home/doubi/.m2/repository/org/apache/thrift/libthrift/0.9.3/libthrift-0.9.3.jar:/home/doubi/.m2/repository/org/apache/httpcomponents/httpclient/4.4.1/httpclient-4.4.1.jar:/home/doubi/.m2/repository/org/apache/httpcomponents/httpcore/4.4.1/httpcore-4.4.1.jar:/home/doubi/.m2/repository/co/cask/tephra/tephra-api/0.6.0/tephra-api-0.6.0.jar:/home/doubi/.m2/repository/co/cask/tephra/tephra-core/0.6.0/tephra-core-0.6.0.jar:/home/doubi/.m2/repository/com/google/code/gson/gson/2.2.4/gson-2.2.4.jar:/home/doubi/.m2/repository/com/google/inject/guice/3.0/guice-3.0.jar:/home/doubi/.m2/repository/javax/inject/javax.inject/1/javax.inject-1.jar:/home/doubi/.m2/repository/aopalliance/aopalliance/1.0/aopalliance-1.0.jar:/home/doubi/.m2/repository/com/google/inject/extensions/guice-assistedinject/3.0/guice-assistedinject-3.0.jar:/home/doubi/.m2/repository/it/unimi/dsi/fastutil/6.5.6/fastutil-6.5.6.jar:/home/doubi/.m2/repository/org/apache/twill/twill-common/0.6.0-incubating/twill-common-0.6.0-incubating.jar:/home/doubi/.m2/repository/org/apache/twill/twill-core/0.6.0-incubating/twill-core-0.6.0-incubating.jar:/home/doubi/.m2/repository/org/apache/twill/twill-api/0.6.0-incubating/twill-api-0.6.0-incubating.jar:/home/doubi/.m2/repository/org/apache/twill/twill-discovery-api/0.6.0-incubating/twill-discovery-api-0.6.0-incubating.jar:/home/doubi/.m2/repository/org/apache/twill/twill-discovery-core/0.6.0-incubating/twill-discovery-core-0.6.0-incubating.jar:/home/doubi/.m2/repository/org/apache/twill/twill-zookeeper/0.6.0-incubating/twill-zookeeper-0.6.0-incubating.jar:/home/doubi/.m2/repository/co/cask/tephra/tephra-hbase-compat-1.0/0.6.0/tephra-hbase-compat-1.0-0.6.0.jar:/home/doubi/.m2/repository/org/slf4j/slf4j-api/1.7.10/slf4j-api-1.7.10.jar:/home/doubi/.m2/repository/org/apache/hive/hive-upgrade-acid/3.1.3/hive-upgrade-acid-3.1.3.jar:"/>
    <property name="java.vm.vendor" value="Private Build"/>
    <property name="sun.arch.data.model" value="64"/>
    <property name="java.vendor.url" value="Unknown"/>
    <property name="os.name" value="Linux"/>
    <property name="java.vm.specification.version" value="17"/>
    <property name="sun.java.launcher" value="SUN_STANDARD"/>
    <property name="user.country" value="GB"/>
    <property name="sun.boot.library.path" value="/usr/lib/jvm/java-17-openjdk-amd64/lib"/>
    <property name="sun.java.command" value="/home/doubi/projects/hive-metastore-iceberg-rest-listener/target/surefire/surefirebooter2316417300936186029.jar /home/doubi/projects/hive-metastore-iceberg-rest-listener/target/surefire 2024-06-03T01-06-42_368-jvmRun1 surefire7097976443991715845tmp surefire_018166327038572705716tmp"/>
    <property name="jdk.debug" value="release"/>
    <property name="surefire.test.class.path" value="/home/doubi/projects/hive-metastore-iceberg-rest-listener/target/test-classes:/home/doubi/projects/hive-metastore-iceberg-rest-listener/target/classes:/home/doubi/.m2/repository/com/fasterxml/jackson/core/jackson-databind/2.16.0/jackson-databind-2.16.0.jar:/home/doubi/.m2/repository/com/fasterxml/jackson/core/jackson-annotations/2.16.0/jackson-annotations-2.16.0.jar:/home/doubi/.m2/repository/com/fasterxml/jackson/core/jackson-core/2.16.0/jackson-core-2.16.0.jar:/home/doubi/.m2/repository/junit/junit/4.11/junit-4.11.jar:/home/doubi/.m2/repository/org/hamcrest/hamcrest-core/1.3/hamcrest-core-1.3.jar:/home/doubi/.m2/repository/org/apache/hive/hive-metastore/3.1.3/hive-metastore-3.1.3.jar:/home/doubi/.m2/repository/org/apache/hive/hive-serde/3.1.3/hive-serde-3.1.3.jar:/home/doubi/.m2/repository/org/apache/hive/hive-common/3.1.3/hive-common-3.1.3.jar:/home/doubi/.m2/repository/org/apache/hive/hive-classification/3.1.3/hive-classification-3.1.3.jar:/home/doubi/.m2/repository/jline/jline/2.12/jline-2.12.jar:/home/doubi/.m2/repository/javax/servlet/javax.servlet-api/3.1.0/javax.servlet-api-3.1.0.jar:/home/doubi/.m2/repository/org/eclipse/jetty/jetty-http/9.3.20.v20170531/jetty-http-9.3.20.v20170531.jar:/home/doubi/.m2/repository/org/eclipse/jetty/jetty-util/9.3.20.v20170531/jetty-util-9.3.20.v20170531.jar:/home/doubi/.m2/repository/org/eclipse/jetty/jetty-rewrite/9.3.20.v20170531/jetty-rewrite-9.3.20.v20170531.jar:/home/doubi/.m2/repository/org/eclipse/jetty/jetty-client/9.3.20.v20170531/jetty-client-9.3.20.v20170531.jar:/home/doubi/.m2/repository/org/eclipse/jetty/jetty-server/9.3.20.v20170531/jetty-server-9.3.20.v20170531.jar:/home/doubi/.m2/repository/org/eclipse/jetty/jetty-io/9.3.20.v20170531/jetty-io-9.3.20.v20170531.jar:/home/doubi/.m2/repository/org/eclipse/jetty/jetty-servlet/9.3.20.v20170531/jetty-servlet-9.3.20.v20170531.jar:/home/doubi/.m2/repository/org/eclipse/jetty/jetty-security/9.3.20.v20170531/jetty-security-9.3.20.v20170531.jar:/home/doubi/.m2/repository/org/eclipse/jetty/jetty-webapp/9.3.20.v20170531/jetty-webapp-9.3.20.v20170531.jar:/home/doubi/.m2/repository/org/eclipse/jetty/jetty-xml/9.3.20.v20170531/jetty-xml-9.3.20.v20170531.jar:/home/doubi/.m2/repository/joda-time/joda-time/2.9.9/joda-time-2.9.9.jar:/home/doubi/.m2/repository/org/apache/logging/log4j/log4j-web/2.17.1/log4j-web-2.17.1.jar:/home/doubi/.m2/repository/org/apache/commons/commons-compress/1.19/commons-compress-1.19.jar:/home/doubi/.m2/repository/org/apache/ant/ant/1.9.1/ant-1.9.1.jar:/home/doubi/.m2/repository/org/apache/ant/ant-launcher/1.9.1/ant-launcher-1.9.1.jar:/home/doubi/.m2/repository/net/sf/jpam/jpam/1.1/jpam-1.1.jar:/home/doubi/.m2/repository/com/tdunning/json/1.8/json-1.8.jar:/home/doubi/.m2/repository/org/apache/hive/hive-service-rpc/3.1.3/hive-service-rpc-3.1.3.jar:/home/doubi/.m2/repository/com/google/code/findbugs/jsr305/3.0.0/jsr305-3.0.0.jar:/home/doubi/.m2/repository/commons-codec/commons-codec/1.15/commons-codec-1.15.jar:/home/doubi/.m2/repository/org/apache/arrow/arrow-vector/0.8.0/arrow-vector-0.8.0.jar:/home/doubi/.m2/repository/org/apache/arrow/arrow-format/0.8.0/arrow-format-0.8.0.jar:/home/doubi/.m2/repository/org/apache/arrow/arrow-memory/0.8.0/arrow-memory-0.8.0.jar:/home/doubi/.m2/repository/io/netty/netty-buffer/4.1.17.Final/netty-buffer-4.1.17.Final.jar:/home/doubi/.m2/repository/io/netty/netty-common/4.1.17.Final/netty-common-4.1.17.Final.jar:/home/doubi/.m2/repository/com/carrotsearch/hppc/0.7.2/hppc-0.7.2.jar:/home/doubi/.m2/repository/com/vlkan/flatbuffers/1.2.0-3f79e055/flatbuffers-1.2.0-3f79e055.jar:/home/doubi/.m2/repository/org/apache/avro/avro/1.8.2/avro-1.8.2.jar:/home/doubi/.m2/repository/org/codehaus/jackson/jackson-core-asl/1.9.13/jackson-core-asl-1.9.13.jar:/home/doubi/.m2/repository/org/codehaus/jackson/jackson-mapper-asl/1.9.13/jackson-mapper-asl-1.9.13.jar:/home/doubi/.m2/repository/com/thoughtworks/paranamer/paranamer/2.7/paranamer-2.7.jar:/home/doubi/.m2/repository/org/xerial/snappy/snappy-java/1.1.1.3/snappy-java-1.1.1.3.jar:/home/doubi/.m2/repository/org/tukaani/xz/1.5/xz-1.5.jar:/home/doubi/.m2/repository/net/sf/opencsv/opencsv/2.3/opencsv-2.3.jar:/home/doubi/.m2/repository/org/apache/parquet/parquet-hadoop-bundle/1.10.0/parquet-hadoop-bundle-1.10.0.jar:/home/doubi/.m2/repository/org/apache/hive/hive-shims/3.1.3/hive-shims-3.1.3.jar:/home/doubi/.m2/repository/org/apache/hive/shims/hive-shims-common/3.1.3/hive-shims-common-3.1.3.jar:/home/doubi/.m2/repository/org/apache/hive/shims/hive-shims-0.23/3.1.3/hive-shims-0.23-3.1.3.jar:/home/doubi/.m2/repository/org/apache/hadoop/hadoop-yarn-server-resourcemanager/3.1.0/hadoop-yarn-server-resourcemanager-3.1.0.jar:/home/doubi/.m2/repository/com/google/inject/extensions/guice-servlet/4.0/guice-servlet-4.0.jar:/home/doubi/.m2/repository/com/sun/jersey/jersey-json/1.19/jersey-json-1.19.jar:/home/doubi/.m2/repository/com/sun/xml/bind/jaxb-impl/2.2.3-1/jaxb-impl-2.2.3-1.jar:/home/doubi/.m2/repository/org/codehaus/jackson/jackson-jaxrs/1.9.2/jackson-jaxrs-1.9.2.jar:/home/doubi/.m2/repository/org/codehaus/jackson/jackson-xc/1.9.2/jackson-xc-1.9.2.jar:/home/doubi/.m2/repository/com/sun/jersey/contribs/jersey-guice/1.19/jersey-guice-1.19.jar:/home/doubi/.m2/repository/com/sun/jersey/jersey-servlet/1.19/jersey-servlet-1.19.jar:/home/doubi/.m2/repository/org/apache/hadoop/hadoop-yarn-common/3.1.0/hadoop-yarn-common-3.1.0.jar:/home/doubi/.m2/repository/com/fasterxml/jackson/module/jackson-module-jaxb-annotations/2.7.8/jackson-module-jaxb-annotations-2.7.8.jar:/home/doubi/.m2/repository/com/fasterxml/jackson/jaxrs/jackson-jaxrs-json-provider/2.7.8/jackson-jaxrs-json-provider-2.7.8.jar:/home/doubi/.m2/repository/com/fasterxml/jackson/jaxrs/jackson-jaxrs-base/2.7.8/jackson-jaxrs-base-2.7.8.jar:/home/doubi/.m2/repository/org/apache/hadoop/hadoop-yarn-api/3.1.0/hadoop-yarn-api-3.1.0.jar:/home/doubi/.m2/repository/javax/xml/bind/jaxb-api/2.2.11/jaxb-api-2.2.11.jar:/home/doubi/.m2/repository/org/codehaus/jettison/jettison/1.1/jettison-1.1.jar:/home/doubi/.m2/repository/com/sun/jersey/jersey-core/1.19/jersey-core-1.19.jar:/home/doubi/.m2/repository/javax/ws/rs/jsr311-api/1.1.1/jsr311-api-1.1.1.jar:/home/doubi/.m2/repository/com/sun/jersey/jersey-client/1.19/jersey-client-1.19.jar:/home/doubi/.m2/repository/org/eclipse/jetty/jetty-util-ajax/9.3.19.v20170502/jetty-util-ajax-9.3.19.v20170502.jar:/home/doubi/.m2/repository/org/apache/hadoop/hadoop-yarn-server-common/3.1.0/hadoop-yarn-server-common-3.1.0.jar:/home/doubi/.m2/repository/org/apache/hadoop/hadoop-yarn-registry/3.1.0/hadoop-yarn-registry-3.1.0.jar:/home/doubi/.m2/repository/commons-daemon/commons-daemon/1.0.13/commons-daemon-1.0.13.jar:/home/doubi/.m2/repository/dnsjava/dnsjava/2.1.7/dnsjava-2.1.7.jar:/home/doubi/.m2/repository/org/apache/geronimo/specs/geronimo-jcache_1.0_spec/1.0-alpha-1/geronimo-jcache_1.0_spec-1.0-alpha-1.jar:/home/doubi/.m2/repository/org/ehcache/ehcache/3.3.1/ehcache-3.3.1.jar:/home/doubi/.m2/repository/com/zaxxer/HikariCP-java7/2.4.12/HikariCP-java7-2.4.12.jar:/home/doubi/.m2/repository/com/microsoft/sqlserver/mssql-jdbc/6.2.1.jre7/mssql-jdbc-6.2.1.jre7.jar:/home/doubi/.m2/repository/org/apache/hadoop/hadoop-yarn-server-applicationhistoryservice/3.1.0/hadoop-yarn-server-applicationhistoryservice-3.1.0.jar:/home/doubi/.m2/repository/de/ruedigermoeller/fst/2.50/fst-2.50.jar:/home/doubi/.m2/repository/com/cedarsoftware/java-util/1.9.0/java-util-1.9.0.jar:/home/doubi/.m2/repository/com/cedarsoftware/json-io/2.5.1/json-io-2.5.1.jar:/home/doubi/.m2/repository/org/apache/hadoop/hadoop-yarn-server-web-proxy/3.1.0/hadoop-yarn-server-web-proxy-3.1.0.jar:/home/doubi/.m2/repository/org/fusesource/leveldbjni/leveldbjni-all/1.8/leveldbjni-all-1.8.jar:/home/doubi/.m2/repository/org/apache/hive/shims/hive-shims-scheduler/3.1.3/hive-shims-scheduler-3.1.3.jar:/home/doubi/.m2/repository/org/apache/hive/hive-standalone-metastore/3.1.3/hive-standalone-metastore-3.1.3.jar:/home/doubi/.m2/repository/org/apache/orc/orc-core/1.5.1/orc-core-1.5.1.jar:/home/doubi/.m2/repository/org/apache/orc/orc-shims/1.5.1/orc-shims-1.5.1.jar:/home/doubi/.m2/repository/io/airlift/aircompressor/0.10/aircompressor-0.10.jar:/home/doubi/.m2/repository/org/apache/hadoop/hadoop-hdfs/2.2.0/hadoop-hdfs-2.2.0.jar:/home/doubi/.m2/repository/com/sun/jersey/jersey-server/1.9/jersey-server-1.9.jar:/home/doubi/.m2/repository/asm/asm/3.1/asm-3.1.jar:/home/doubi/.m2/repository/com/github/joshelser/dropwizard-metrics-hadoop-metrics2-reporter/0.1.2/dropwizard-metrics-hadoop-metrics2-reporter-0.1.2.jar:/home/doubi/.m2/repository/com/google/protobuf/protobuf-java/2.5.0/protobuf-java-2.5.0.jar:/home/doubi/.m2/repository/io/dropwizard/metrics/metrics-core/3.1.0/metrics-core-3.1.0.jar:/home/doubi/.m2/repository/io/dropwizard/metrics/metrics-jvm/3.1.0/metrics-jvm-3.1.0.jar:/home/doubi/.m2/repository/io/dropwizard/metrics/metrics-json/3.1.0/metrics-json-3.1.0.jar:/home/doubi/.m2/repository/org/apache/commons/commons-lang3/3.2/commons-lang3-3.2.jar:/home/doubi/.m2/repository/org/apache/hive/hive-storage-api/2.7.0/hive-storage-api-2.7.0.jar:/home/doubi/.m2/repository/org/apache/logging/log4j/log4j-slf4j-impl/2.17.1/log4j-slf4j-impl-2.17.1.jar:/home/doubi/.m2/repository/org/apache/logging/log4j/log4j-api/2.17.1/log4j-api-2.17.1.jar:/home/doubi/.m2/repository/org/apache/logging/log4j/log4j-1.2-api/2.17.1/log4j-1.2-api-2.17.1.jar:/home/doubi/.m2/repository/org/apache/logging/log4j/log4j-core/2.17.1/log4j-core-2.17.1.jar:/home/doubi/.m2/repository/org/datanucleus/datanucleus-api-jdo/4.2.4/datanucleus-api-jdo-4.2.4.jar:/home/doubi/.m2/repository/org/datanucleus/datanucleus-core/4.1.17/datanucleus-core-4.1.17.jar:/home/doubi/.m2/repository/org/datanucleus/datanucleus-rdbms/4.1.19/datanucleus-rdbms-4.1.19.jar:/home/doubi/.m2/repository/org/datanucleus/javax.jdo/3.2.0-m3/javax.jdo-3.2.0-m3.jar:/home/doubi/.m2/repository/javax/transaction/transaction-api/1.1/transaction-api-1.1.jar:/home/doubi/.m2/repository/sqlline/sqlline/1.3.0/sqlline-1.3.0.jar:/home/doubi/.m2/repository/javolution/javolution/5.5.1/javolution-5.5.1.jar:/home/doubi/.m2/repository/com/google/guava/guava/19.0/guava-19.0.jar:/home/doubi/.m2/repository/org/apache/hbase/hbase-client/2.0.0-alpha4/hbase-client-2.0.0-alpha4.jar:/home/doubi/.m2/repository/org/apache/hbase/thirdparty/hbase-shaded-protobuf/1.0.1/hbase-shaded-protobuf-1.0.1.jar:/home/doubi/.m2/repository/org/apache/hbase/hbase-common/2.0.0-alpha4/hbase-common-2.0.0-alpha4.jar:/home/doubi/.m2/repository/org/apache/commons/commons-collections4/4.1/commons-collections4-4.1.jar:/home/doubi/.m2/repository/com/github/stephenc/findbugs/findbugs-annotations/1.3.9-1/findbugs-annotations-1.3.9-1.jar:/home/doubi/.m2/repository/log4j/log4j/1.2.17/log4j-1.2.17.jar:/home/doubi/.m2/repository/org/apache/hbase/hbase-hadoop-compat/2.0.0-alpha4/hbase-hadoop-compat-2.0.0-alpha4.jar:/home/doubi/.m2/repository/org/apache/hbase/hbase-metrics-api/2.0.0-alpha4/hbase-metrics-api-2.0.0-alpha4.jar:/home/doubi/.m2/repository/org/apache/hbase/hbase-hadoop2-compat/2.0.0-alpha4/hbase-hadoop2-compat-2.0.0-alpha4.jar:/home/doubi/.m2/repository/org/apache/hbase/hbase-metrics/2.0.0-alpha4/hbase-metrics-2.0.0-alpha4.jar:/home/doubi/.m2/repository/org/apache/hbase/hbase-protocol-shaded/2.0.0-alpha4/hbase-protocol-shaded-2.0.0-alpha4.jar:/home/doubi/.m2/repository/org/apache/hbase/hbase-protocol/2.0.0-alpha4/hbase-protocol-2.0.0-alpha4.jar:/home/doubi/.m2/repository/commons-io/commons-io/2.5/commons-io-2.5.jar:/home/doubi/.m2/repository/commons-logging/commons-logging/1.2/commons-logging-1.2.jar:/home/doubi/.m2/repository/org/apache/hbase/thirdparty/hbase-shaded-miscellaneous/1.0.1/hbase-shaded-miscellaneous-1.0.1.jar:/home/doubi/.m2/repository/org/apache/hbase/thirdparty/hbase-shaded-netty/1.0.1/hbase-shaded-netty-1.0.1.jar:/home/doubi/.m2/repository/org/apache/zookeeper/zookeeper/3.4.10/zookeeper-3.4.10.jar:/home/doubi/.m2/repository/org/apache/htrace/htrace-core/3.2.0-incubating/htrace-core-3.2.0-incubating.jar:/home/doubi/.m2/repository/org/jruby/jcodings/jcodings/1.0.18/jcodings-1.0.18.jar:/home/doubi/.m2/repository/org/jruby/joni/joni/2.1.11/joni-2.1.11.jar:/home/doubi/.m2/repository/org/apache/curator/curator-framework/4.0.0/curator-framework-4.0.0.jar:/home/doubi/.m2/repository/org/apache/curator/curator-client/4.0.0/curator-client-4.0.0.jar:/home/doubi/.m2/repository/org/apache/commons/commons-crypto/1.0.0/commons-crypto-1.0.0.jar:/home/doubi/.m2/repository/org/apache/hadoop/hadoop-auth/2.7.1/hadoop-auth-2.7.1.jar:/home/doubi/.m2/repository/org/apache/directory/server/apacheds-kerberos-codec/2.0.0-M15/apacheds-kerberos-codec-2.0.0-M15.jar:/home/doubi/.m2/repository/org/apache/directory/server/apacheds-i18n/2.0.0-M15/apacheds-i18n-2.0.0-M15.jar:/home/doubi/.m2/repository/org/apache/directory/api/api-asn1-api/1.0.0-M20/api-asn1-api-1.0.0-M20.jar:/home/doubi/.m2/repository/org/apache/directory/api/api-util/1.0.0-M20/api-util-1.0.0-M20.jar:/home/doubi/.m2/repository/org/apache/hadoop/hadoop-common/2.7.1/hadoop-common-2.7.1.jar:/home/doubi/.m2/repository/org/apache/hadoop/hadoop-annotations/2.7.1/hadoop-annotations-2.7.1.jar:/home/doubi/.m2/repository/org/apache/commons/commons-math3/3.1.1/commons-math3-3.1.1.jar:/home/doubi/.m2/repository/xmlenc/xmlenc/0.52/xmlenc-0.52.jar:/home/doubi/.m2/repository/commons-httpclient/commons-httpclient/3.1/commons-httpclient-3.1.jar:/home/doubi/.m2/repository/commons-net/commons-net/3.1/commons-net-3.1.jar:/home/doubi/.m2/repository/commons-collections/commons-collections/3.2.1/commons-collections-3.2.1.jar:/home/doubi/.m2/repository/commons-configuration/commons-configuration/1.6/commons-configuration-1.6.jar:/home/doubi/.m2/repository/commons-digester/commons-digester/1.8/commons-digester-1.8.jar:/home/doubi/.m2/repository/commons-beanutils/commons-beanutils/1.7.0/commons-beanutils-1.7.0.jar:/home/doubi/.m2/repository/commons-beanutils/commons-beanutils-core/1.8.0/commons-beanutils-core-1.8.0.jar:/home/doubi/.m2/repository/com/jcraft/jsch/0.1.42/jsch-0.1.42.jar:/home/doubi/.m2/repository/org/apache/curator/curator-recipes/2.7.1/curator-recipes-2.7.1.jar:/home/doubi/.m2/repository/org/apache/yetus/audience-annotations/0.5.0/audience-annotations-0.5.0.jar:/home/doubi/.m2/repository/com/jolbox/bonecp/0.8.0.RELEASE/bonecp-0.8.0.RELEASE.jar:/home/doubi/.m2/repository/com/zaxxer/HikariCP/2.6.1/HikariCP-2.6.1.jar:/home/doubi/.m2/repository/commons-cli/commons-cli/1.2/commons-cli-1.2.jar:/home/doubi/.m2/repository/commons-lang/commons-lang/2.6/commons-lang-2.6.jar:/home/doubi/.m2/repository/org/apache/derby/derby/10.14.1.0/derby-10.14.1.0.jar:/home/doubi/.m2/repository/commons-pool/commons-pool/1.5.4/commons-pool-1.5.4.jar:/home/doubi/.m2/repository/commons-dbcp/commons-dbcp/1.4/commons-dbcp-1.4.jar:/home/doubi/.m2/repository/javax/jdo/jdo-api/3.0.1/jdo-api-3.0.1.jar:/home/doubi/.m2/repository/javax/transaction/jta/1.1/jta-1.1.jar:/home/doubi/.m2/repository/org/antlr/antlr-runtime/3.5.2/antlr-runtime-3.5.2.jar:/home/doubi/.m2/repository/org/apache/thrift/libfb303/0.9.3/libfb303-0.9.3.jar:/home/doubi/.m2/repository/org/apache/thrift/libthrift/0.9.3/libthrift-0.9.3.jar:/home/doubi/.m2/repository/org/apache/httpcomponents/httpclient/4.4.1/httpclient-4.4.1.jar:/home/doubi/.m2/repository/org/apache/httpcomponents/httpcore/4.4.1/httpcore-4.4.1.jar:/home/doubi/.m2/repository/co/cask/tephra/tephra-api/0.6.0/tephra-api-0.6.0.jar:/home/doubi/.m2/repository/co/cask/tephra/tephra-core/0.6.0/tephra-core-0.6.0.jar:/home/doubi/.m2/repository/com/google/code/gson/gson/2.2.4/gson-2.2.4.jar:/home/doubi/.m2/repository/com/google/inject/guice/3.0/guice-3.0.jar:/home/doubi/.m2/repository/javax/inject/javax.inject/1/javax.inject-1.jar:/home/doubi/.m2/repository/aopalliance/aopalliance/1.0/aopalliance-1.0.jar:/home/doubi/.m2/repository/com/google/inject/extensions/guice-assistedinject/3.0/guice-assistedinject-3.0.jar:/home/doubi/.m2/repository/it/unimi/dsi/fastutil/6.5.6/fastutil-6.5.6.jar:/home/doubi/.m2/repository/org/apache/twill/twill-common/0.6.0-incubating/twill-common-0.6.0-incubating.jar:/home/doubi/.m2/repository/org/apache/twill/twill-core/0.6.0-incubating/twill-core-0.6.0-incubating.jar:/home/doubi/.m2/repository/org/apache/twill/twill-api/0.6.0-incubating/twill-api-0.6.0-incubating.jar:/home/doubi/.m2/repository/org/apache/twill/twill-discovery-api/0.6.0-incubating/twill-discovery-api-0.6.0-incubating.jar:/home/doubi/.m2/repository/org/apache/twill/twill-discovery-core/0.6.0-incubating/twill-discovery-core-0.6.0-incubating.jar:/home/doubi/.m2/repository/org/apache/twill/twill-zookeeper/0.6.0-incubating/twill-zookeeper-0.6.0-incubating.jar:/home/doubi/.m2/repository/co/cask/tephra/tephra-hbase-compat-1.0/0.6.0/tephra-hbase-compat-1.0-0.6.0.jar:/home/doubi/.m2/repository/org/slf4j/slf4j-api/1.7.10/slf4j-api-1.7.10.jar:/home/doubi/.m2/repository/org/apache/hive/hive-upgrade-acid/3.1.3/hive-upgrade-acid-3.1.3.jar:"/>
    <property name="sun.cpu.endian" value="little"/>
    <property name="user.home" value="/home/doubi"/>
    <property name="user.language" value="en"/>
    <property name="java.specification.vendor" value="Oracle Corporation"/>
    <property name="java.version.date" value="2024-01-16"/>
    <property name="java.home" value="/usr/lib/jvm/java-17-openjdk-amd64"/>
    <property name="file.separator" value="/"/>
    <property name="basedir" value="/home/doubi/projects/hive-metastore-iceberg-rest-listener"/>
    <property name="java.vm.compressedOopsMode" value="32-bit"/>
    <property name="line.separator" value="&#10;"/>
    <property name="java.vm.specification.vendor" value="Oracle Corporation"/>
    <property name="java.specification.name" value="Java Platform API Specification"/>
    <property name="surefire.real.class.path" value="/home/doubi/projects/hive-metastore-iceberg-rest-listener/target/surefire/surefirebooter2316417300936186029.jar"/>
    <property name="sun.management.compiler" value="HotSpot 64-Bit Tiered Compilers"/>
    <property name="java.runtime.version" value="17.0.10+7-Ubuntu-120.04.1"/>
    <property name="user.name" value="doubi"/>
    <property name="path.separator" value=":"/>
    <property name="os.version" value="5.4.0-172-generic"/>
    <property name="java.runtime.name" value="OpenJDK Runtime Environment"/>
    <property name="file.encoding" value="UTF-8"/>
    <property name="java.vm.name" value="OpenJDK 64-Bit Server VM"/>
    <property name="localRepository" value="/home/doubi/.m2/repository"/>
    <property name="java.vendor.url.bug" value="Unknown"/>
    <property name="java.io.tmpdir" value="/tmp"/>
    <property name="java.version" value="17.0.10"/>
    <property name="user.dir" value="/home/doubi/projects/hive-metastore-iceberg-rest-listener"/>
    <property name="os.arch" value="amd64"/>
    <property name="java.vm.specification.name" value="Java Virtual Machine Specification"/>
    <property name="native.encoding" value="UTF-8"/>
    <property name="java.library.path" value="/usr/java/packages/lib:/usr/lib/x86_64-linux-gnu/jni:/lib/x86_64-linux-gnu:/usr/lib/x86_64-linux-gnu:/usr/lib/jni:/lib:/usr/lib"/>
    <property name="java.vm.info" value="mixed mode, sharing"/>
    <property name="java.vendor" value="Private Build"/>
    <property name="java.vm.version" value="17.0.10+7-Ubuntu-120.04.1"/>
    <property name="sun.io.unicode.encoding" value="UnicodeLittle"/>
    <property name="java.class.version" value="61.0"/>
  </properties>
  <testcase name="insertEventShouldSerializeToJsonString" classname="com.cloudera.AssumptionTests" time="0.567">
    <failure message="Generated JSON from InsertEvent expected:&lt;{&quot;[foo&quot;:&quot;bar&quot;]}&gt; but was:&lt;{&quot;[status&quot;:true,&quot;handler&quot;:null,&quot;parameters&quot;:{},&quot;environmentContext&quot;:null,&quot;table&quot;:{&quot;tableName&quot;:null,&quot;dbName&quot;:null,&quot;owner&quot;:null,&quot;createTime&quot;:0,&quot;lastAccessTime&quot;:0,&quot;retention&quot;:0,&quot;sd&quot;:null,&quot;partitionKeys&quot;:null,&quot;parameters&quot;:null,&quot;viewOriginalText&quot;:null,&quot;viewExpandedText&quot;:null,&quot;tableType&quot;:null,&quot;privileges&quot;:null,&quot;temporary&quot;:false,&quot;rewriteEnabled&quot;:false,&quot;creationMetadata&quot;:null,&quot;catName&quot;:null,&quot;ownerType&quot;:&quot;USER&quot;,&quot;setDbName&quot;:false,&quot;setTableName&quot;:false,&quot;setCreateTime&quot;:false,&quot;setLastAccessTime&quot;:false,&quot;setSd&quot;:false,&quot;parametersSize&quot;:0,&quot;setParameters&quot;:false,&quot;setPrivileges&quot;:false,&quot;setCatName&quot;:false,&quot;setOwner&quot;:false,&quot;setRetention&quot;:false,&quot;partitionKeysSize&quot;:0,&quot;partitionKeysIterator&quot;:null,&quot;setPartitionKeys&quot;:false,&quot;setViewOriginalText&quot;:false,&quot;setViewExpandedText&quot;:false,&quot;setTableType&quot;:false,&quot;setTemporary&quot;:false,&quot;setRewriteEnabled&quot;:false,&quot;setCreationMetadata&quot;:false,&quot;setOwnerType&quot;:true},&quot;partitionIterator&quot;:[{&quot;values&quot;:[&quot;1&quot;,&quot;part1&quot;],&quot;dbName&quot;:null,&quot;tableName&quot;:null,&quot;createTime&quot;:0,&quot;lastAccessTime&quot;:0,&quot;sd&quot;:null,&quot;parameters&quot;:null,&quot;privileges&quot;:null,&quot;catName&quot;:null,&quot;valuesSize&quot;:2,&quot;valuesIterator&quot;:[&quot;1&quot;,&quot;part1&quot;],&quot;setValues&quot;:true,&quot;setDbName&quot;:false,&quot;setTableName&quot;:false,&quot;setCreateTime&quot;:false,&quot;setLastAccessTime&quot;:false,&quot;setSd&quot;:false,&quot;parametersSize&quot;:0,&quot;setParameters&quot;:false,&quot;setPrivileges&quot;:false,&quot;setCatName&quot;:false}],&quot;ihmshandler&quot;:null]}&gt;" type="org.junit.ComparisonFailure"><![CDATA[org.junit.ComparisonFailure: Generated JSON from InsertEvent expected:<{"[foo":"bar"]}> but was:<{"[status":true,"handler":null,"parameters":{},"environmentContext":null,"table":{"tableName":null,"dbName":null,"owner":null,"createTime":0,"lastAccessTime":0,"retention":0,"sd":null,"partitionKeys":null,"parameters":null,"viewOriginalText":null,"viewExpandedText":null,"tableType":null,"privileges":null,"temporary":false,"rewriteEnabled":false,"creationMetadata":null,"catName":null,"ownerType":"USER","setDbName":false,"setTableName":false,"setCreateTime":false,"setLastAccessTime":false,"setSd":false,"parametersSize":0,"setParameters":false,"setPrivileges":false,"setCatName":false,"setOwner":false,"setRetention":false,"partitionKeysSize":0,"partitionKeysIterator":null,"setPartitionKeys":false,"setViewOriginalText":false,"setViewExpandedText":false,"setTableType":false,"setTemporary":false,"setRewriteEnabled":false,"setCreationMetadata":false,"setOwnerType":true},"partitionIterator":[{"values":["1","part1"],"dbName":null,"tableName":null,"createTime":0,"lastAccessTime":0,"sd":null,"parameters":null,"privileges":null,"catName":null,"valuesSize":2,"valuesIterator":["1","part1"],"setValues":true,"setDbName":false,"setTableName":false,"setCreateTime":false,"setLastAccessTime":false,"setSd":false,"parametersSize":0,"setParameters":false,"setPrivileges":false,"setCatName":false}],"ihmshandler":null]}>
	at com.cloudera.AssumptionTests.insertEventShouldSerializeToJsonString(AssumptionTests.java:50)
]]></failure>
  </testcase>
</testsuite>